\BOOKMARK [1][-]{section.1}{Introduction}{}% 1
\BOOKMARK [1][-]{section.2}{Background}{}% 2
\BOOKMARK [2][-]{subsection.2.1}{Political Attitudes and Direct Democracy}{section.2}% 3
\BOOKMARK [2][-]{subsection.2.2}{The Winner-Loser Gap}{section.2}% 4
\BOOKMARK [3][-]{subsubsection.2.2.1}{Winning, losing, and satisfaction with democracy}{subsection.2.2}% 5
\BOOKMARK [3][-]{subsubsection.2.2.2}{Explaining the winner-loser effect}{subsection.2.2}% 6
\BOOKMARK [3][-]{subsubsection.2.2.3}{Winning, losing, and perceptions of fairness}{subsection.2.2}% 7
\BOOKMARK [3][-]{subsubsection.2.2.4}{Winning, losing, and economic evaluations}{subsection.2.2}% 8
\BOOKMARK [2][-]{subsection.2.3}{Facets of Political Attitudes: Efficacy, Trust, Satisfaction with Democracy, and Legitimacy}{section.2}% 9
\BOOKMARK [1][-]{section.3}{Expectations}{}% 10
\BOOKMARK [1][-]{section.4}{Data and Methods}{}% 11
\BOOKMARK [1][-]{section.5}{Results}{}% 12
\BOOKMARK [1][-]{section.6}{Discussion}{}% 13
\BOOKMARK [1][-]{appendix.A}{Panel Data Structure}{}% 14
\BOOKMARK [1][-]{appendix.B}{Marginal effects}{}% 15
\BOOKMARK [1][-]{appendix.C}{Depedent variables by panel wave}{}% 16
\BOOKMARK [1][-]{appendix.D}{Variables measurement and wording}{}% 17
\BOOKMARK [1][-]{appendix.E}{Table 1 with full controls}{}% 18
\BOOKMARK [1][-]{appendix.F}{Table 2 with full controls}{}% 19
\BOOKMARK [1][-]{appendix.G}{Table 3 with full controls}{}% 20
